d:\repos\learnopengl\opengl\opengl\x64\debug\vc142.pdb
d:\repos\learnopengl\opengl\opengl\x64\debug\vc142.idb
d:\repos\learnopengl\opengl\opengl\x64\debug\template.obj
d:\repos\learnopengl\opengl\opengl\x64\debug\colours_triangles.obj
d:\repos\learnopengl\opengl\opengl\x64\debug\triangle.obj
d:\repos\learnopengl\opengl\opengl\x64\debug\shader.obj
d:\repos\learnopengl\opengl\opengl\x64\debug\different_vao_vbo_triangle.obj
d:\repos\learnopengl\opengl\opengl\x64\debug\texture.obj
d:\repos\learnopengl\opengl\opengl\x64\debug\home.obj
d:\repos\learnopengl\opengl\opengl\x64\debug\testc++.obj
d:\repos\learnopengl\opengl\opengl\x64\debug\triangles.obj
d:\repos\learnopengl\opengl\x64\debug\opengl.pdb
d:\repos\learnopengl\opengl\x64\debug\opengl.exe
d:\repos\learnopengl\opengl\x64\debug\opengl.ilk
d:\repos\learnopengl\opengl\opengl\x64\debug\opengl.tlog\cl.command.1.tlog
d:\repos\learnopengl\opengl\opengl\x64\debug\opengl.tlog\cl.read.1.tlog
d:\repos\learnopengl\opengl\opengl\x64\debug\opengl.tlog\cl.write.1.tlog
d:\repos\learnopengl\opengl\opengl\x64\debug\opengl.tlog\link.command.1.tlog
d:\repos\learnopengl\opengl\opengl\x64\debug\opengl.tlog\link.read.1.tlog
d:\repos\learnopengl\opengl\opengl\x64\debug\opengl.tlog\link.write.1.tlog
